<?xml version="1.0" encoding="UTF-8"?>
<!-- Generated by org.testng.reporters.JUnitXMLReporter -->
<testsuite hostname="Dell" name="Default test" tests="7" failures="0" timestamp="24 Apr 2020 05:04:11 GMT" time="282.181" errors="0">
  <testcase name="Verify_Enter_Mobile_Popup_test" time="1.843" classname="com.qa.testcases.NewRegistrationTest"/>
  <testcase name="Enter_Mobile_No_Textfield_Test" time="0.856" classname="com.qa.testcases.NewRegistrationTest"/>
  <testcase name="Verify_Search_Button_Ispresent_Test" time="0.792" classname="com.qa.testcases.NewRegistrationTest"/>
  <testcase name="Verify_Search_Button_Functioning_Test" time="1.974" classname="com.qa.testcases.NewRegistrationTest"/>
  <testcase name="Verify_Skip_Button_Availability_Test" time="0.746" classname="com.qa.testcases.NewRegistrationTest"/>
  <testcase name="Verify_Skip_Button_Functioning_Test" time="1.011" classname="com.qa.testcases.NewRegistrationTest"/>
  <testcase name="Registration_Form_Redirection_Test" time="1.482" classname="com.qa.testcases.NewRegistrationTest"/>
</testsuite> <!-- Default test -->
