<?xml version="1.0" encoding="UTF-8" ?>
<testsuite tests="32" failures="2" name="TestSuite" time="138.705" errors="0" skipped="20">
  <properties>
[...]
</properties>
  <testcase classname="com.qa.testcases.HomeTest" name="verify_home_page_URL_Test" time="0.381"/>
  <testcase classname="com.qa.testcases.LoginTest" name="LoginPageTitelTest" time="0.027"/>
  <testcase classname="com.qa.testcases.NewRegistrationTest" name="Setup" time="59.212">
    <failure message="Unable to locate element: //*[@id=&quot;ehosfrm&quot;]
For documentation on this error, please visit: https://www.seleniumhq.org/exceptions/no_such_element.html
Build info: version: &apos;3.141.59&apos;, revision: &apos;e82be7d358&apos;, time: &apos;2018-11-14T08:17:03&apos;
System info: host: &apos;DELL&apos;, ip: &apos;192.168.29.210&apos;, os.name: &apos;Windows 8.1&apos;, os.arch: &apos;amd64&apos;, os.version: &apos;6.3&apos;, java.version: &apos;1.8.0_251&apos;
Driver info: org.openqa.selenium.firefox.FirefoxDriver
Capabilities {acceptInsecureCerts: true, browserName: firefox, browserVersion: 75.0, javascriptEnabled: true, moz:accessibilityChecks: false, moz:buildID: 20200403170909, moz:geckodriverVersion: 0.24.0, moz:headless: false, moz:processID: 1860, moz:profile: C:\Users\Yatan\AppData\Loca..., moz:shutdownTimeout: 60000, moz:useNonSpecCompliantPointerOrigin: false, moz:webdriverClick: true, pageLoadStrategy: normal, platform: WINDOWS, platformName: WINDOWS, platformVersion: 6.3, rotatable: false, setWindowRect: true, strictFileInteractability: false, timeouts: {implicit: 0, pageLoad: 300000, script: 30000}, unhandledPromptBehavior: dismiss and notify}
Session ID: 72adc085-eb60-4438-a8ac-7b31da3961b0
*** Element info: {Using=xpath, value=//*[@id=&quot;ehosfrm&quot;]}" type="org.openqa.selenium.NoSuchElementException">org.openqa.selenium.NoSuchElementException: Unable to locate element: //*[@id=&quot;ehosfrm&quot;]
For documentation on this error, please visit: https://www.seleniumhq.org/exceptions/no_such_element.html
Build info: version: &apos;3.141.59&apos;, revision: &apos;e82be7d358&apos;, time: &apos;2018-11-14T08:17:03&apos;
System info: host: &apos;DELL&apos;, ip: &apos;192.168.29.210&apos;, os.name: &apos;Windows 8.1&apos;, os.arch: &apos;amd64&apos;, os.version: &apos;6.3&apos;, java.version: &apos;1.8.0_251&apos;
Driver info: org.openqa.selenium.firefox.FirefoxDriver
Capabilities {acceptInsecureCerts: true, browserName: firefox, browserVersion: 75.0, javascriptEnabled: true, moz:accessibilityChecks: false, moz:buildID: 20200403170909, moz:geckodriverVersion: 0.24.0, moz:headless: false, moz:processID: 1860, moz:profile: C:\Users\Yatan\AppData\Loca..., moz:shutdownTimeout: 60000, moz:useNonSpecCompliantPointerOrigin: false, moz:webdriverClick: true, pageLoadStrategy: normal, platform: WINDOWS, platformName: WINDOWS, platformVersion: 6.3, rotatable: false, setWindowRect: true, strictFileInteractability: false, timeouts: {implicit: 0, pageLoad: 300000, script: 30000}, unhandledPromptBehavior: dismiss and notify}
Session ID: 72adc085-eb60-4438-a8ac-7b31da3961b0
*** Element info: {Using=xpath, value=//*[@id=&quot;ehosfrm&quot;]}
	at sun.reflect.NativeConstructorAccessorImpl.newInstance0(Native Method)
	at sun.reflect.NativeConstructorAccessorImpl.newInstance(NativeConstructorAccessorImpl.java:62)
	at sun.reflect.DelegatingConstructorAccessorImpl.newInstance(DelegatingConstructorAccessorImpl.java:45)
	at java.lang.reflect.Constructor.newInstance(Constructor.java:423)
	at org.openqa.selenium.remote.http.W3CHttpResponseCodec.createException(W3CHttpResponseCodec.java:187)
	at org.openqa.selenium.remote.http.W3CHttpResponseCodec.decode(W3CHttpResponseCodec.java:122)
	at org.openqa.selenium.remote.http.W3CHttpResponseCodec.decode(W3CHttpResponseCodec.java:49)
	at org.openqa.selenium.remote.HttpCommandExecutor.execute(HttpCommandExecutor.java:158)
	at org.openqa.selenium.remote.service.DriverCommandExecutor.execute(DriverCommandExecutor.java:83)
	at org.openqa.selenium.remote.RemoteWebDriver.execute(RemoteWebDriver.java:552)
	at org.openqa.selenium.remote.RemoteWebDriver.findElement(RemoteWebDriver.java:323)
	at org.openqa.selenium.remote.RemoteWebDriver.findElementByXPath(RemoteWebDriver.java:428)
	at org.openqa.selenium.By$ByXPath.findElement(By.java:353)
	at org.openqa.selenium.remote.RemoteWebDriver.findElement(RemoteWebDriver.java:315)
	at sun.reflect.NativeMethodAccessorImpl.invoke0(Native Method)
	at sun.reflect.NativeMethodAccessorImpl.invoke(NativeMethodAccessorImpl.java:62)
	at sun.reflect.DelegatingMethodAccessorImpl.invoke(DelegatingMethodAccessorImpl.java:43)
	at java.lang.reflect.Method.invoke(Method.java:498)
	at org.openqa.selenium.support.events.EventFiringWebDriver.lambda$new$1(EventFiringWebDriver.java:105)
	at com.sun.proxy.$Proxy5.findElement(Unknown Source)
	at org.openqa.selenium.support.events.EventFiringWebDriver.findElement(EventFiringWebDriver.java:194)
	at com.qa.util.TestUtil.MainFrame(TestUtil.java:36)
	at com.qa.testcases.NewRegistrationTest.Setup(NewRegistrationTest.java:51)
</failure>
    <system-out>FireFox
Before navigating to: &apos;https://ehospital.nic.in/ehospitalsso/&apos;
Navigated to:&apos;https://ehospital.nic.in/ehospitalsso/&apos;
Trying to find Element By : By.id: txtuid
Found Element By : By.id: txtuid
Trying to find Element By : By.name: ddl_mod
Found Element By : By.name: ddl_mod
Trying to find Element By : By.xpath: .//option[@value = &quot;default_url&quot;]
Found Element By : By.xpath: .//option[@value = &quot;default_url&quot;]
Invalid Module detail Entered
Trying to find Element By : By.xpath: //*[@id=&quot;loginform&quot;]/div[3]/div/button
Found Element By : By.xpath: //*[@id=&quot;loginform&quot;]/div[3]/div/button
Trying to click on: [[FirefoxDriver: firefox on WINDOWS (72adc085-eb60-4438-a8ac-7b31da3961b0)] -&gt; xpath: //*[@id=&quot;loginform&quot;]/div[3]/div/button]
Clicked on: [[FirefoxDriver: firefox on WINDOWS (72adc085-eb60-4438-a8ac-7b31da3961b0)] -&gt; xpath: //*[@id=&quot;loginform&quot;]/div[3]/div/button]
Trying to find Element By : By.id: txt_pwd
Found Element By : By.id: txt_pwd
Trying to find Element By : By.xpath: //*[@id=&quot;loginprep&quot;]/div[2]/div/button
Found Element By : By.xpath: //*[@id=&quot;loginprep&quot;]/div[2]/div/button
Trying to click on: [[FirefoxDriver: firefox on WINDOWS (72adc085-eb60-4438-a8ac-7b31da3961b0)] -&gt; xpath: //*[@id=&quot;loginprep&quot;]/div[2]/div/button]
Clicked on: [[FirefoxDriver: firefox on WINDOWS (72adc085-eb60-4438-a8ac-7b31da3961b0)] -&gt; xpath: //*[@id=&quot;loginprep&quot;]/div[2]/div/button]
Trying to find Element By : By.xpath: //*[@id=&quot;ehosfrm&quot;]
Exception occured: org.openqa.selenium.NoSuchElementException: Unable to locate element: //*[@id=&quot;ehosfrm&quot;]
For documentation on this error, please visit: https://www.seleniumhq.org/exceptions/no_such_element.html
Build info: version: &apos;3.141.59&apos;, revision: &apos;e82be7d358&apos;, time: &apos;2018-11-14T08:17:03&apos;
System info: host: &apos;DELL&apos;, ip: &apos;192.168.29.210&apos;, os.name: &apos;Windows 8.1&apos;, os.arch: &apos;amd64&apos;, os.version: &apos;6.3&apos;, java.version: &apos;1.8.0_251&apos;
Driver info: org.openqa.selenium.firefox.FirefoxDriver
Capabilities {acceptInsecureCerts: true, browserName: firefox, browserVersion: 75.0, javascriptEnabled: true, moz:accessibilityChecks: false, moz:buildID: 20200403170909, moz:geckodriverVersion: 0.24.0, moz:headless: false, moz:processID: 1860, moz:profile: C:\Users\Yatan\AppData\Loca..., moz:shutdownTimeout: 60000, moz:useNonSpecCompliantPointerOrigin: false, moz:webdriverClick: true, pageLoadStrategy: normal, platform: WINDOWS, platformName: WINDOWS, platformVersion: 6.3, rotatable: false, setWindowRect: true, strictFileInteractability: false, timeouts: {implicit: 0, pageLoad: 300000, script: 30000}, unhandledPromptBehavior: dismiss and notify}
Session ID: 72adc085-eb60-4438-a8ac-7b31da3961b0
*** Element info: {Using=xpath, value=//*[@id=&quot;ehosfrm&quot;]}
</system-out>
    <system-err>1587549230832	Marionette	INFO	Stopped listening on port 63939

###!!! [Child][RunMessage] Error: Channel closing: too late to send/recv, messages will be lost

1587549239352	mozrunner::runner	INFO	Running command: &quot;C:\\Program Files\\Mozilla Firefox\\firefox.exe&quot; &quot;-marionette&quot; &quot;-foreground&quot; &quot;-no-remote&quot; &quot;-profile&quot; &quot;C:\\Users\\Yatan\\AppData\\Local\\Temp\\rust_mozprofile.zdLGInmeH2m3&quot;
1587549240954	addons.webextension.doh-rollout@mozilla.org	WARN	Loading extension &apos;doh-rollout@mozilla.org&apos;: Reading manifest: Invalid extension permission: networkStatus
1587549243524	addons.webextension.screenshots@mozilla.org	WARN	Loading extension &apos;screenshots@mozilla.org&apos;: Reading manifest: Invalid extension permission: mozillaAddons
1587549243525	addons.webextension.screenshots@mozilla.org	WARN	Loading extension &apos;screenshots@mozilla.org&apos;: Reading manifest: Invalid extension permission: telemetry
1587549243525	addons.webextension.screenshots@mozilla.org	WARN	Loading extension &apos;screenshots@mozilla.org&apos;: Reading manifest: Invalid extension permission: resource://pdf.js/
1587549243526	addons.webextension.screenshots@mozilla.org	WARN	Loading extension &apos;screenshots@mozilla.org&apos;: Reading manifest: Invalid extension permission: about:reader*
JavaScript error: resource://gre/modules/XULStore.jsm, line 66: Error: Can&apos;t find profile directory.
1587549249197	Marionette	INFO	Listening on port 63979
1587549249268	Marionette	WARN	TLS certificate errors will be ignored for this session
Apr 22, 2020 3:24:09 PM org.openqa.selenium.remote.ProtocolHandshake createSession
INFO: Detected dialect: W3C
JavaScript error: resource://gre/modules/NetworkGeolocationProvider.jsm, line 555: TypeError: xhr.response.location is undefined
JavaScript error: resource://gre/modules/NetworkGeolocationProvider.jsm, line 555: TypeError: xhr.response.location is undefined
</system-err>
  </testcase>
  <testcase classname="com.qa.testcases.NewRegistrationTest" name="Verify_Enter_Mobile_Popup_test" time="0">
    <skipped/>
  </testcase>
  <testcase classname="com.qa.testcases.NewRegistrationTest" name="Teardown" time="0">
    <skipped/>
  </testcase>
  <testcase classname="com.qa.testcases.PasswordTest" name="verify_password_page_Title" time="0.016"/>
  <testcase classname="com.qa.testcases.HomeTest" name="verify_patient_registration_link_Test" time="0.484"/>
  <testcase classname="com.qa.testcases.LoginTest" name="eHospitalLogoTest" time="0.22"/>
  <testcase classname="com.qa.testcases.NewRegistrationTest" name="Setup" time="5.652">
    <skipped/>
    <system-err>1587549381688	Marionette	INFO	Stopped listening on port 64131

###!!! [Child][RunMessage] Error: Channel closing: too late to send/recv, messages will be lost


###!!! [Child][MessageChannel::SendAndWait] Error: Channel error: cannot send/recv

</system-err>
  </testcase>
  <testcase classname="com.qa.testcases.NewRegistrationTest" name="Enter_Mobile_No_Textfield_Test" time="0">
    <skipped/>
  </testcase>
  <testcase classname="com.qa.testcases.NewRegistrationTest" name="Teardown" time="0">
    <skipped/>
  </testcase>
  <testcase classname="com.qa.testcases.PasswordTest" name="Verify_Username_is_Displayed_Test" time="0.094"/>
  <testcase classname="com.qa.testcases.HomeTest" name="verify_new_registration_link_Test" time="20.553">
    <failure message="Unable to locate element: //*[@id=&quot;ehosfrm&quot;]
For documentation on this error, please visit: https://www.seleniumhq.org/exceptions/no_such_element.html
Build info: version: &apos;3.141.59&apos;, revision: &apos;e82be7d358&apos;, time: &apos;2018-11-14T08:17:03&apos;
System info: host: &apos;DELL&apos;, ip: &apos;192.168.29.210&apos;, os.name: &apos;Windows 8.1&apos;, os.arch: &apos;amd64&apos;, os.version: &apos;6.3&apos;, java.version: &apos;1.8.0_251&apos;
Driver info: org.openqa.selenium.firefox.FirefoxDriver
Capabilities {acceptInsecureCerts: true, browserName: firefox, browserVersion: 75.0, javascriptEnabled: true, moz:accessibilityChecks: false, moz:buildID: 20200403170909, moz:geckodriverVersion: 0.24.0, moz:headless: false, moz:processID: 8224, moz:profile: C:\Users\Yatan\AppData\Loca..., moz:shutdownTimeout: 60000, moz:useNonSpecCompliantPointerOrigin: false, moz:webdriverClick: true, pageLoadStrategy: normal, platform: WINDOWS, platformName: WINDOWS, platformVersion: 6.3, rotatable: false, setWindowRect: true, strictFileInteractability: false, timeouts: {implicit: 0, pageLoad: 300000, script: 30000}, unhandledPromptBehavior: dismiss and notify}
Session ID: cb9387d7-5108-4151-9fd2-579f9f0d166f
*** Element info: {Using=xpath, value=//*[@id=&quot;ehosfrm&quot;]}" type="org.openqa.selenium.NoSuchElementException">org.openqa.selenium.NoSuchElementException: Unable to locate element: //*[@id=&quot;ehosfrm&quot;]
For documentation on this error, please visit: https://www.seleniumhq.org/exceptions/no_such_element.html
Build info: version: &apos;3.141.59&apos;, revision: &apos;e82be7d358&apos;, time: &apos;2018-11-14T08:17:03&apos;
System info: host: &apos;DELL&apos;, ip: &apos;192.168.29.210&apos;, os.name: &apos;Windows 8.1&apos;, os.arch: &apos;amd64&apos;, os.version: &apos;6.3&apos;, java.version: &apos;1.8.0_251&apos;
Driver info: org.openqa.selenium.firefox.FirefoxDriver
Capabilities {acceptInsecureCerts: true, browserName: firefox, browserVersion: 75.0, javascriptEnabled: true, moz:accessibilityChecks: false, moz:buildID: 20200403170909, moz:geckodriverVersion: 0.24.0, moz:headless: false, moz:processID: 8224, moz:profile: C:\Users\Yatan\AppData\Loca..., moz:shutdownTimeout: 60000, moz:useNonSpecCompliantPointerOrigin: false, moz:webdriverClick: true, pageLoadStrategy: normal, platform: WINDOWS, platformName: WINDOWS, platformVersion: 6.3, rotatable: false, setWindowRect: true, strictFileInteractability: false, timeouts: {implicit: 0, pageLoad: 300000, script: 30000}, unhandledPromptBehavior: dismiss and notify}
Session ID: cb9387d7-5108-4151-9fd2-579f9f0d166f
*** Element info: {Using=xpath, value=//*[@id=&quot;ehosfrm&quot;]}
	at sun.reflect.NativeConstructorAccessorImpl.newInstance0(Native Method)
	at sun.reflect.NativeConstructorAccessorImpl.newInstance(NativeConstructorAccessorImpl.java:62)
	at sun.reflect.DelegatingConstructorAccessorImpl.newInstance(DelegatingConstructorAccessorImpl.java:45)
	at java.lang.reflect.Constructor.newInstance(Constructor.java:423)
	at org.openqa.selenium.remote.http.W3CHttpResponseCodec.createException(W3CHttpResponseCodec.java:187)
	at org.openqa.selenium.remote.http.W3CHttpResponseCodec.decode(W3CHttpResponseCodec.java:122)
	at org.openqa.selenium.remote.http.W3CHttpResponseCodec.decode(W3CHttpResponseCodec.java:49)
	at org.openqa.selenium.remote.HttpCommandExecutor.execute(HttpCommandExecutor.java:158)
	at org.openqa.selenium.remote.service.DriverCommandExecutor.execute(DriverCommandExecutor.java:83)
	at org.openqa.selenium.remote.RemoteWebDriver.execute(RemoteWebDriver.java:552)
	at org.openqa.selenium.remote.RemoteWebDriver.findElement(RemoteWebDriver.java:323)
	at org.openqa.selenium.remote.RemoteWebDriver.findElementByXPath(RemoteWebDriver.java:428)
	at org.openqa.selenium.By$ByXPath.findElement(By.java:353)
	at org.openqa.selenium.remote.RemoteWebDriver.findElement(RemoteWebDriver.java:315)
	at sun.reflect.GeneratedMethodAccessor3.invoke(Unknown Source)
	at sun.reflect.DelegatingMethodAccessorImpl.invoke(DelegatingMethodAccessorImpl.java:43)
	at java.lang.reflect.Method.invoke(Method.java:498)
	at org.openqa.selenium.support.events.EventFiringWebDriver.lambda$new$1(EventFiringWebDriver.java:105)
	at com.sun.proxy.$Proxy5.findElement(Unknown Source)
	at org.openqa.selenium.support.events.EventFiringWebDriver.findElement(EventFiringWebDriver.java:194)
	at com.qa.util.TestUtil.MainFrame(TestUtil.java:36)
	at com.qa.testcases.HomeTest.verify_new_registration_link_Test(HomeTest.java:56)
</failure>
    <system-out>FireFox
Before navigating to: &apos;https://ehospital.nic.in/ehospitalsso/&apos;
Navigated to:&apos;https://ehospital.nic.in/ehospitalsso/&apos;
Trying to find Element By : By.id: txtuid
Found Element By : By.id: txtuid
Trying to find Element By : By.name: ddl_mod
Found Element By : By.name: ddl_mod
Trying to find Element By : By.xpath: .//option[@value = &quot;default_url&quot;]
Found Element By : By.xpath: .//option[@value = &quot;default_url&quot;]
Invalid Module detail Entered
Trying to find Element By : By.xpath: //*[@id=&quot;loginform&quot;]/div[3]/div/button
Found Element By : By.xpath: //*[@id=&quot;loginform&quot;]/div[3]/div/button
Trying to click on: [[FirefoxDriver: firefox on WINDOWS (cb9387d7-5108-4151-9fd2-579f9f0d166f)] -&gt; xpath: //*[@id=&quot;loginform&quot;]/div[3]/div/button]
Clicked on: [[FirefoxDriver: firefox on WINDOWS (cb9387d7-5108-4151-9fd2-579f9f0d166f)] -&gt; xpath: //*[@id=&quot;loginform&quot;]/div[3]/div/button]
Trying to find Element By : By.id: txt_pwd
Found Element By : By.id: txt_pwd
Trying to find Element By : By.xpath: //*[@id=&quot;loginprep&quot;]/div[2]/div/button
Found Element By : By.xpath: //*[@id=&quot;loginprep&quot;]/div[2]/div/button
Trying to click on: [[FirefoxDriver: firefox on WINDOWS (cb9387d7-5108-4151-9fd2-579f9f0d166f)] -&gt; xpath: //*[@id=&quot;loginprep&quot;]/div[2]/div/button]
Clicked on: [[FirefoxDriver: firefox on WINDOWS (cb9387d7-5108-4151-9fd2-579f9f0d166f)] -&gt; xpath: //*[@id=&quot;loginprep&quot;]/div[2]/div/button]
Trying to find Element By : By.xpath: //*[@id=&quot;ehosfrm&quot;]
Exception occured: org.openqa.selenium.NoSuchElementException: Unable to locate element: //*[@id=&quot;ehosfrm&quot;]
For documentation on this error, please visit: https://www.seleniumhq.org/exceptions/no_such_element.html
Build info: version: &apos;3.141.59&apos;, revision: &apos;e82be7d358&apos;, time: &apos;2018-11-14T08:17:03&apos;
System info: host: &apos;DELL&apos;, ip: &apos;192.168.29.210&apos;, os.name: &apos;Windows 8.1&apos;, os.arch: &apos;amd64&apos;, os.version: &apos;6.3&apos;, java.version: &apos;1.8.0_251&apos;
Driver info: org.openqa.selenium.firefox.FirefoxDriver
Capabilities {acceptInsecureCerts: true, browserName: firefox, browserVersion: 75.0, javascriptEnabled: true, moz:accessibilityChecks: false, moz:buildID: 20200403170909, moz:geckodriverVersion: 0.24.0, moz:headless: false, moz:processID: 8224, moz:profile: C:\Users\Yatan\AppData\Loca..., moz:shutdownTimeout: 60000, moz:useNonSpecCompliantPointerOrigin: false, moz:webdriverClick: true, pageLoadStrategy: normal, platform: WINDOWS, platformName: WINDOWS, platformVersion: 6.3, rotatable: false, setWindowRect: true, strictFileInteractability: false, timeouts: {implicit: 0, pageLoad: 300000, script: 30000}, unhandledPromptBehavior: dismiss and notify}
Session ID: cb9387d7-5108-4151-9fd2-579f9f0d166f
*** Element info: {Using=xpath, value=//*[@id=&quot;ehosfrm&quot;]}
</system-out>
    <system-err>1587549415150	Marionette	INFO	Stopped listening on port 64170

###!!! [Child][RunMessage] Error: Channel closing: too late to send/recv, messages will be lost

1587549423765	mozrunner::runner	INFO	Running command: &quot;C:\\Program Files\\Mozilla Firefox\\firefox.exe&quot; &quot;-marionette&quot; &quot;-foreground&quot; &quot;-no-remote&quot; &quot;-profile&quot; &quot;C:\\Users\\Yatan\\AppData\\Local\\Temp\\rust_mozprofile.cfDFLceiwViU&quot;
1587549425128	addons.webextension.doh-rollout@mozilla.org	WARN	Loading extension &apos;doh-rollout@mozilla.org&apos;: Reading manifest: Invalid extension permission: networkStatus
1587549427859	addons.webextension.screenshots@mozilla.org	WARN	Loading extension &apos;screenshots@mozilla.org&apos;: Reading manifest: Invalid extension permission: mozillaAddons
1587549427859	addons.webextension.screenshots@mozilla.org	WARN	Loading extension &apos;screenshots@mozilla.org&apos;: Reading manifest: Invalid extension permission: telemetry
1587549427860	addons.webextension.screenshots@mozilla.org	WARN	Loading extension &apos;screenshots@mozilla.org&apos;: Reading manifest: Invalid extension permission: resource://pdf.js/
1587549427860	addons.webextension.screenshots@mozilla.org	WARN	Loading extension &apos;screenshots@mozilla.org&apos;: Reading manifest: Invalid extension permission: about:reader*
JavaScript error: resource://gre/modules/XULStore.jsm, line 66: Error: Can&apos;t find profile directory.
1587549433430	Marionette	INFO	Listening on port 64225
1587549433728	Marionette	WARN	TLS certificate errors will be ignored for this session
Apr 22, 2020 3:27:13 PM org.openqa.selenium.remote.ProtocolHandshake createSession
INFO: Detected dialect: W3C
JavaScript error: resource://gre/modules/NetworkGeolocationProvider.jsm, line 555: TypeError: xhr.response.location is undefined
JavaScript error: resource://gre/modules/NetworkGeolocationProvider.jsm, line 555: TypeError: xhr.response.location is undefined
</system-err>
  </testcase>
  <testcase classname="com.qa.testcases.LoginTest" name="UsernameTest" time="4.282"/>
  <testcase classname="com.qa.testcases.NewRegistrationTest" name="Setup" time="11.649">
    <skipped/>
    <system-err>1587549511451	Marionette	INFO	Stopped listening on port 64285

###!!! [Child][RunMessage] Error: Channel closing: too late to send/recv, messages will be lost

</system-err>
  </testcase>
  <testcase classname="com.qa.testcases.NewRegistrationTest" name="Verify_Search_Button_Ispresent_Test" time="0">
    <skipped/>
  </testcase>
  <testcase classname="com.qa.testcases.NewRegistrationTest" name="Teardown" time="0">
    <skipped/>
  </testcase>
  <testcase classname="com.qa.testcases.PasswordTest" name="Enter_Password_Test" time="2.247"/>
  <testcase classname="com.qa.testcases.NewRegistrationTest" name="Setup" time="11.28">
    <skipped/>
    <system-err>1587549548856	Marionette	INFO	Stopped listening on port 64348

###!!! [Child][RunMessage] Error: Channel closing: too late to send/recv, messages will be lost

</system-err>
  </testcase>
  <testcase classname="com.qa.testcases.NewRegistrationTest" name="Verify_Search_Button_Functioning_Test" time="0">
    <skipped/>
  </testcase>
  <testcase classname="com.qa.testcases.NewRegistrationTest" name="Teardown" time="0">
    <skipped/>
  </testcase>
  <testcase classname="com.qa.testcases.PasswordTest" name="ClickingForgot_Password_Test" time="1.041"/>
  <testcase classname="com.qa.testcases.NewRegistrationTest" name="Setup" time="10.358">
    <skipped/>
    <system-err>1587549590393	Marionette	INFO	Stopped listening on port 64400
JavaScript error: resource://gre/modules/UrlClassifierListManager.jsm, line 691: TypeError: this.tablesData[table] is undefined

###!!! [Child][RunMessage] Error: Channel closing: too late to send/recv, messages will be lost

</system-err>
  </testcase>
  <testcase classname="com.qa.testcases.NewRegistrationTest" name="Verify_Skip_Button_Availability_Test" time="0">
    <skipped/>
  </testcase>
  <testcase classname="com.qa.testcases.NewRegistrationTest" name="Teardown" time="0.004">
    <skipped/>
  </testcase>
  <testcase classname="com.qa.testcases.PasswordTest" name="Use_Another_user_Test" time="1.336"/>
  <testcase classname="com.qa.testcases.NewRegistrationTest" name="Setup" time="9.869">
    <skipped/>
    <system-err>1587549639138	Marionette	INFO	Stopped listening on port 64459
JavaScript error: resource://gre/modules/UrlClassifierListManager.jsm, line 691: TypeError: this.tablesData[table] is undefined

###!!! [Child][RunMessage] Error: Channel closing: too late to send/recv, messages will be lost


###!!! [Child][MessageChannel::SendAndWait] Error: Channel error: cannot send/recv

</system-err>
  </testcase>
  <testcase classname="com.qa.testcases.NewRegistrationTest" name="Verify_Skip_Button_Functioning_Test" time="0">
    <skipped/>
  </testcase>
  <testcase classname="com.qa.testcases.NewRegistrationTest" name="Teardown" time="0">
    <skipped/>
  </testcase>
  <testcase classname="com.qa.testcases.NewRegistrationTest" name="Setup" time="0">
    <skipped/>
  </testcase>
  <testcase classname="com.qa.testcases.NewRegistrationTest" name="Registration_Form_Redirection_Test" time="0">
    <skipped/>
  </testcase>
  <testcase classname="com.qa.testcases.NewRegistrationTest" name="Teardown" time="0">
    <skipped/>
  </testcase>
</testsuite>