<?xml version="1.0" encoding="UTF-8" ?>
<testsuite tests="18" failures="0" name="TestSuite" time="33.918" errors="0" skipped="0">
  <properties>
[...]
</properties>
  <testcase classname="com.qa.testcases.HomeTest" name="verify_home_page_URL_Test" time="4.249"/>
  <testcase classname="com.qa.testcases.LoginTest" name="LoginPageTitelTest" time="0.029"/>
  <testcase classname="com.qa.testcases.NewRegistrationTest" name="Verify_Enter_Mobile_Popup_test" time="0.994"/>
  <testcase classname="com.qa.testcases.PasswordTest" name="verify_password_page_Title" time="0.017"/>
  <testcase classname="com.qa.testcases.HomeTest" name="verify_patient_registration_link_Test" time="7.555"/>
  <testcase classname="com.qa.testcases.LoginTest" name="eHospitalLogoTest" time="0.167"/>
  <testcase classname="com.qa.testcases.NewRegistrationTest" name="Enter_Mobile_No_Textfield_Test" time="0.909"/>
  <testcase classname="com.qa.testcases.PasswordTest" name="Verify_Username_is_Displayed_Test" time="0.097"/>
  <testcase classname="com.qa.testcases.HomeTest" name="verify_new_registration_link_Test" time="5.09"/>
  <testcase classname="com.qa.testcases.LoginTest" name="UsernameTest" time="1.879"/>
  <testcase classname="com.qa.testcases.NewRegistrationTest" name="Verify_Search_Button_Ispresent_Test" time="0.918"/>
  <testcase classname="com.qa.testcases.PasswordTest" name="Enter_Password_Test" time="5.675"/>
  <testcase classname="com.qa.testcases.NewRegistrationTest" name="Verify_Search_Button_Functioning_Test" time="1.567"/>
  <testcase classname="com.qa.testcases.PasswordTest" name="ClickingForgot_Password_Test" time="0.729"/>
  <testcase classname="com.qa.testcases.NewRegistrationTest" name="Verify_Skip_Button_Availability_Test" time="0.79"/>
  <testcase classname="com.qa.testcases.PasswordTest" name="Use_Another_user_Test" time="0.643"/>
  <testcase classname="com.qa.testcases.NewRegistrationTest" name="Verify_Skip_Button_Functioning_Test" time="1.42"/>
  <testcase classname="com.qa.testcases.NewRegistrationTest" name="Registration_Form_Redirection_Test" time="1.19"/>
</testsuite>