<?xml version="1.0" encoding="UTF-8"?>
<testng-results skipped="7" failed="1" total="18" passed="10">
  <reporter-output>
  </reporter-output>
  <suite name="e-Hospital Automation Testing Suite " duration-ms="555365" started-at="2020-04-22T10:24:53Z" finished-at="2020-04-22T10:34:09Z">
    <groups>
    </groups>
    <test name="Test" duration-ms="555365" started-at="2020-04-22T10:24:53Z" finished-at="2020-04-22T10:34:09Z">
      <class name="com.qa.testcases.PasswordTest">
        <test-method status="PASS" signature="Setup()[pri:0, instance:com.qa.testcases.PasswordTest@4b9e13df]" name="Setup" is-config="true" duration-ms="26411" started-at="2020-04-22T15:56:31Z" finished-at="2020-04-22T15:56:57Z">
          <reporter-output>
          </reporter-output>
        </test-method> <!-- Setup -->
        <test-method status="PASS" signature="verify_password_page_Title()[pri:0, instance:com.qa.testcases.PasswordTest@4b9e13df]" name="verify_password_page_Title" duration-ms="30" started-at="2020-04-22T15:56:57Z" finished-at="2020-04-22T15:56:57Z">
          <reporter-output>
          </reporter-output>
        </test-method> <!-- verify_password_page_Title -->
        <test-method status="PASS" signature="Teardown()[pri:0, instance:com.qa.testcases.PasswordTest@4b9e13df]" name="Teardown" is-config="true" duration-ms="5436" started-at="2020-04-22T15:56:57Z" finished-at="2020-04-22T15:57:03Z">
          <reporter-output>
          </reporter-output>
        </test-method> <!-- Teardown -->
        <test-method status="PASS" signature="Setup()[pri:0, instance:com.qa.testcases.PasswordTest@4b9e13df]" name="Setup" is-config="true" duration-ms="25091" started-at="2020-04-22T15:57:03Z" finished-at="2020-04-22T15:57:28Z">
          <reporter-output>
          </reporter-output>
        </test-method> <!-- Setup -->
        <test-method status="PASS" signature="Verify_Username_is_Displayed_Test()[pri:0, instance:com.qa.testcases.PasswordTest@4b9e13df]" name="Verify_Username_is_Displayed_Test" duration-ms="104" started-at="2020-04-22T15:57:28Z" finished-at="2020-04-22T15:57:28Z">
          <reporter-output>
          </reporter-output>
        </test-method> <!-- Verify_Username_is_Displayed_Test -->
        <test-method status="PASS" signature="Teardown()[pri:0, instance:com.qa.testcases.PasswordTest@4b9e13df]" name="Teardown" is-config="true" duration-ms="7804" started-at="2020-04-22T15:57:28Z" finished-at="2020-04-22T15:57:36Z">
          <reporter-output>
          </reporter-output>
        </test-method> <!-- Teardown -->
        <test-method status="PASS" signature="Setup()[pri:0, instance:com.qa.testcases.PasswordTest@4b9e13df]" name="Setup" is-config="true" duration-ms="20315" started-at="2020-04-22T15:57:36Z" finished-at="2020-04-22T15:57:56Z">
          <reporter-output>
          </reporter-output>
        </test-method> <!-- Setup -->
        <test-method status="PASS" signature="Enter_Password_Test()[pri:0, instance:com.qa.testcases.PasswordTest@4b9e13df]" name="Enter_Password_Test" duration-ms="1962" started-at="2020-04-22T15:57:56Z" finished-at="2020-04-22T15:57:58Z">
          <reporter-output>
          </reporter-output>
        </test-method> <!-- Enter_Password_Test -->
        <test-method status="PASS" signature="Teardown()[pri:0, instance:com.qa.testcases.PasswordTest@4b9e13df]" name="Teardown" is-config="true" duration-ms="8526" started-at="2020-04-22T15:57:58Z" finished-at="2020-04-22T15:58:07Z">
          <reporter-output>
          </reporter-output>
        </test-method> <!-- Teardown -->
        <test-method status="PASS" signature="Setup()[pri:0, instance:com.qa.testcases.PasswordTest@4b9e13df]" name="Setup" is-config="true" duration-ms="58141" started-at="2020-04-22T15:58:07Z" finished-at="2020-04-22T15:59:05Z">
          <reporter-output>
          </reporter-output>
        </test-method> <!-- Setup -->
        <test-method status="PASS" signature="ClickingForgot_Password_Test()[pri:0, instance:com.qa.testcases.PasswordTest@4b9e13df]" name="ClickingForgot_Password_Test" duration-ms="3818" started-at="2020-04-22T15:59:05Z" finished-at="2020-04-22T15:59:09Z">
          <reporter-output>
          </reporter-output>
        </test-method> <!-- ClickingForgot_Password_Test -->
        <test-method status="PASS" signature="Teardown()[pri:0, instance:com.qa.testcases.PasswordTest@4b9e13df]" name="Teardown" is-config="true" duration-ms="6953" started-at="2020-04-22T15:59:09Z" finished-at="2020-04-22T15:59:16Z">
          <reporter-output>
          </reporter-output>
        </test-method> <!-- Teardown -->
        <test-method status="PASS" signature="Setup()[pri:0, instance:com.qa.testcases.PasswordTest@4b9e13df]" name="Setup" is-config="true" duration-ms="57668" started-at="2020-04-22T15:59:16Z" finished-at="2020-04-22T16:00:13Z">
          <reporter-output>
          </reporter-output>
        </test-method> <!-- Setup -->
        <test-method status="PASS" signature="Use_Another_user_Test()[pri:0, instance:com.qa.testcases.PasswordTest@4b9e13df]" name="Use_Another_user_Test" duration-ms="659" started-at="2020-04-22T16:00:13Z" finished-at="2020-04-22T16:00:14Z">
          <reporter-output>
          </reporter-output>
        </test-method> <!-- Use_Another_user_Test -->
        <test-method status="PASS" signature="Teardown()[pri:0, instance:com.qa.testcases.PasswordTest@4b9e13df]" name="Teardown" is-config="true" duration-ms="6995" started-at="2020-04-22T16:00:14Z" finished-at="2020-04-22T16:00:21Z">
          <reporter-output>
          </reporter-output>
        </test-method> <!-- Teardown -->
      </class> <!-- com.qa.testcases.PasswordTest -->
      <class name="com.qa.testcases.LoginTest">
        <test-method status="PASS" signature="Setup()[pri:0, instance:com.qa.testcases.LoginTest@3ffc5af1]" name="Setup" is-config="true" duration-ms="29038" started-at="2020-04-22T15:54:53Z" finished-at="2020-04-22T15:55:22Z">
          <reporter-output>
          </reporter-output>
        </test-method> <!-- Setup -->
        <test-method status="PASS" signature="LoginPageTitelTest()[pri:0, instance:com.qa.testcases.LoginTest@3ffc5af1]" name="LoginPageTitelTest" duration-ms="62" started-at="2020-04-22T15:55:22Z" finished-at="2020-04-22T15:55:22Z">
          <reporter-output>
          </reporter-output>
        </test-method> <!-- LoginPageTitelTest -->
        <test-method status="PASS" signature="Teardown()[pri:0, instance:com.qa.testcases.LoginTest@3ffc5af1]" name="Teardown" is-config="true" duration-ms="5516" started-at="2020-04-22T15:55:22Z" finished-at="2020-04-22T15:55:28Z">
          <reporter-output>
          </reporter-output>
        </test-method> <!-- Teardown -->
        <test-method status="PASS" signature="Setup()[pri:0, instance:com.qa.testcases.LoginTest@3ffc5af1]" name="Setup" is-config="true" duration-ms="27858" started-at="2020-04-22T15:55:28Z" finished-at="2020-04-22T15:55:56Z">
          <reporter-output>
          </reporter-output>
        </test-method> <!-- Setup -->
        <test-method status="PASS" signature="eHospitalLogoTest()[pri:0, instance:com.qa.testcases.LoginTest@3ffc5af1]" name="eHospitalLogoTest" duration-ms="375" started-at="2020-04-22T15:55:56Z" finished-at="2020-04-22T15:55:56Z">
          <reporter-output>
          </reporter-output>
        </test-method> <!-- eHospitalLogoTest -->
        <test-method status="PASS" signature="Teardown()[pri:0, instance:com.qa.testcases.LoginTest@3ffc5af1]" name="Teardown" is-config="true" duration-ms="5933" started-at="2020-04-22T15:55:56Z" finished-at="2020-04-22T15:56:02Z">
          <reporter-output>
          </reporter-output>
        </test-method> <!-- Teardown -->
        <test-method status="PASS" signature="Setup()[pri:0, instance:com.qa.testcases.LoginTest@3ffc5af1]" name="Setup" is-config="true" duration-ms="20723" started-at="2020-04-22T15:56:02Z" finished-at="2020-04-22T15:56:23Z">
          <reporter-output>
          </reporter-output>
        </test-method> <!-- Setup -->
        <test-method status="PASS" signature="UsernameTest()[pri:0, instance:com.qa.testcases.LoginTest@3ffc5af1]" name="UsernameTest" duration-ms="1791" started-at="2020-04-22T15:56:23Z" finished-at="2020-04-22T15:56:25Z">
          <reporter-output>
          </reporter-output>
        </test-method> <!-- UsernameTest -->
        <test-method status="PASS" signature="Teardown()[pri:0, instance:com.qa.testcases.LoginTest@3ffc5af1]" name="Teardown" is-config="true" duration-ms="6459" started-at="2020-04-22T15:56:25Z" finished-at="2020-04-22T15:56:31Z">
          <reporter-output>
          </reporter-output>
        </test-method> <!-- Teardown -->
      </class> <!-- com.qa.testcases.LoginTest -->
      <class name="com.qa.testcases.HomeTest">
        <test-method status="PASS" signature="Setup()[pri:0, instance:com.qa.testcases.HomeTest@29774679]" name="Setup" is-config="true" duration-ms="47438" started-at="2020-04-22T16:00:21Z" finished-at="2020-04-22T16:01:08Z">
          <reporter-output>
          </reporter-output>
        </test-method> <!-- Setup -->
        <test-method status="PASS" signature="verify_home_page_URL_Test()[pri:0, instance:com.qa.testcases.HomeTest@29774679]" name="verify_home_page_URL_Test" duration-ms="189" started-at="2020-04-22T16:01:08Z" finished-at="2020-04-22T16:01:09Z">
          <reporter-output>
          </reporter-output>
        </test-method> <!-- verify_home_page_URL_Test -->
        <test-method status="PASS" signature="Teardown()[pri:0, instance:com.qa.testcases.HomeTest@29774679]" name="Teardown" is-config="true" duration-ms="5967" started-at="2020-04-22T16:01:09Z" finished-at="2020-04-22T16:01:15Z">
          <reporter-output>
          </reporter-output>
        </test-method> <!-- Teardown -->
        <test-method status="PASS" signature="Setup()[pri:0, instance:com.qa.testcases.HomeTest@29774679]" name="Setup" is-config="true" duration-ms="34316" started-at="2020-04-22T16:01:15Z" finished-at="2020-04-22T16:01:49Z">
          <reporter-output>
          </reporter-output>
        </test-method> <!-- Setup -->
        <test-method status="FAIL" signature="verify_patient_registration_link_Test()[pri:0, instance:com.qa.testcases.HomeTest@29774679]" name="verify_patient_registration_link_Test" duration-ms="40582" started-at="2020-04-22T16:01:49Z" finished-at="2020-04-22T16:02:29Z">
          <exception class="org.openqa.selenium.NoSuchElementException">
            <message>
              <![CDATA[Unable to locate element: //*[@id="ehosfrm"]
For documentation on this error, please visit: https://www.seleniumhq.org/exceptions/no_such_element.html
Build info: version: '3.141.59', revision: 'e82be7d358', time: '2018-11-14T08:17:03'
System info: host: 'DELL', ip: '192.168.29.210', os.name: 'Windows 8.1', os.arch: 'amd64', os.version: '6.3', java.version: '1.8.0_251'
Driver info: org.openqa.selenium.firefox.FirefoxDriver
Capabilities {acceptInsecureCerts: true, browserName: firefox, browserVersion: 75.0, javascriptEnabled: true, moz:accessibilityChecks: false, moz:buildID: 20200403170909, moz:geckodriverVersion: 0.24.0, moz:headless: false, moz:processID: 3328, moz:profile: C:\Users\Yatan\AppData\Loca..., moz:shutdownTimeout: 60000, moz:useNonSpecCompliantPointerOrigin: false, moz:webdriverClick: true, pageLoadStrategy: normal, platform: WINDOWS, platformName: WINDOWS, platformVersion: 6.3, rotatable: false, setWindowRect: true, strictFileInteractability: false, timeouts: {implicit: 0, pageLoad: 300000, script: 30000}, unhandledPromptBehavior: dismiss and notify}
Session ID: 4fcd9fd3-7709-4276-bc0b-fdc3907e8f0f
*** Element info: {Using=xpath, value=//*[@id="ehosfrm"]}]]>
            </message>
            <full-stacktrace>
              <![CDATA[org.openqa.selenium.NoSuchElementException: Unable to locate element: //*[@id="ehosfrm"]
For documentation on this error, please visit: https://www.seleniumhq.org/exceptions/no_such_element.html
Build info: version: '3.141.59', revision: 'e82be7d358', time: '2018-11-14T08:17:03'
System info: host: 'DELL', ip: '192.168.29.210', os.name: 'Windows 8.1', os.arch: 'amd64', os.version: '6.3', java.version: '1.8.0_251'
Driver info: org.openqa.selenium.firefox.FirefoxDriver
Capabilities {acceptInsecureCerts: true, browserName: firefox, browserVersion: 75.0, javascriptEnabled: true, moz:accessibilityChecks: false, moz:buildID: 20200403170909, moz:geckodriverVersion: 0.24.0, moz:headless: false, moz:processID: 3328, moz:profile: C:\Users\Yatan\AppData\Loca..., moz:shutdownTimeout: 60000, moz:useNonSpecCompliantPointerOrigin: false, moz:webdriverClick: true, pageLoadStrategy: normal, platform: WINDOWS, platformName: WINDOWS, platformVersion: 6.3, rotatable: false, setWindowRect: true, strictFileInteractability: false, timeouts: {implicit: 0, pageLoad: 300000, script: 30000}, unhandledPromptBehavior: dismiss and notify}
Session ID: 4fcd9fd3-7709-4276-bc0b-fdc3907e8f0f
*** Element info: {Using=xpath, value=//*[@id="ehosfrm"]}
	at sun.reflect.NativeConstructorAccessorImpl.newInstance0(Native Method)
	at sun.reflect.NativeConstructorAccessorImpl.newInstance(Unknown Source)
	at sun.reflect.DelegatingConstructorAccessorImpl.newInstance(Unknown Source)
	at java.lang.reflect.Constructor.newInstance(Unknown Source)
	at org.openqa.selenium.remote.http.W3CHttpResponseCodec.createException(W3CHttpResponseCodec.java:187)
	at org.openqa.selenium.remote.http.W3CHttpResponseCodec.decode(W3CHttpResponseCodec.java:122)
	at org.openqa.selenium.remote.http.W3CHttpResponseCodec.decode(W3CHttpResponseCodec.java:49)
	at org.openqa.selenium.remote.HttpCommandExecutor.execute(HttpCommandExecutor.java:158)
	at org.openqa.selenium.remote.service.DriverCommandExecutor.execute(DriverCommandExecutor.java:83)
	at org.openqa.selenium.remote.RemoteWebDriver.execute(RemoteWebDriver.java:552)
	at org.openqa.selenium.remote.RemoteWebDriver.findElement(RemoteWebDriver.java:323)
	at org.openqa.selenium.remote.RemoteWebDriver.findElementByXPath(RemoteWebDriver.java:428)
	at org.openqa.selenium.By$ByXPath.findElement(By.java:353)
	at org.openqa.selenium.remote.RemoteWebDriver.findElement(RemoteWebDriver.java:315)
	at sun.reflect.GeneratedMethodAccessor4.invoke(Unknown Source)
	at sun.reflect.DelegatingMethodAccessorImpl.invoke(Unknown Source)
	at java.lang.reflect.Method.invoke(Unknown Source)
	at org.openqa.selenium.support.events.EventFiringWebDriver.lambda$new$1(EventFiringWebDriver.java:105)
	at com.sun.proxy.$Proxy7.findElement(Unknown Source)
	at org.openqa.selenium.support.events.EventFiringWebDriver.findElement(EventFiringWebDriver.java:194)
	at com.qa.util.TestUtil.MainFrame(TestUtil.java:36)
	at com.qa.testcases.HomeTest.verify_patient_registration_link_Test(HomeTest.java:49)
	at sun.reflect.NativeMethodAccessorImpl.invoke0(Native Method)
	at sun.reflect.NativeMethodAccessorImpl.invoke(Unknown Source)
	at sun.reflect.DelegatingMethodAccessorImpl.invoke(Unknown Source)
	at java.lang.reflect.Method.invoke(Unknown Source)
	at org.testng.internal.MethodInvocationHelper.invokeMethod(MethodInvocationHelper.java:80)
	at org.testng.internal.Invoker.invokeMethod(Invoker.java:714)
	at org.testng.internal.Invoker.invokeTestMethod(Invoker.java:901)
	at org.testng.internal.Invoker.invokeTestMethods(Invoker.java:1231)
	at org.testng.internal.TestMethodWorker.invokeTestMethods(TestMethodWorker.java:127)
	at org.testng.internal.TestMethodWorker.run(TestMethodWorker.java:111)
	at org.testng.TestRunner.privateRun(TestRunner.java:767)
	at org.testng.TestRunner.run(TestRunner.java:617)
	at org.testng.SuiteRunner.runTest(SuiteRunner.java:334)
	at org.testng.SuiteRunner.runSequentially(SuiteRunner.java:329)
	at org.testng.SuiteRunner.privateRun(SuiteRunner.java:291)
	at org.testng.SuiteRunner.run(SuiteRunner.java:240)
	at org.testng.SuiteRunnerWorker.runSuite(SuiteRunnerWorker.java:52)
	at org.testng.SuiteRunnerWorker.run(SuiteRunnerWorker.java:86)
	at org.testng.TestNG.runSuitesSequentially(TestNG.java:1198)
	at org.testng.TestNG.runSuitesLocally(TestNG.java:1123)
	at org.testng.TestNG.run(TestNG.java:1031)
	at org.testng.remote.AbstractRemoteTestNG.run(AbstractRemoteTestNG.java:126)
	at org.testng.remote.RemoteTestNG.initAndRun(RemoteTestNG.java:152)
	at org.testng.remote.RemoteTestNG.main(RemoteTestNG.java:57)
]]>
            </full-stacktrace>
          </exception> <!-- org.openqa.selenium.NoSuchElementException -->
          <reporter-output>
          </reporter-output>
        </test-method> <!-- verify_patient_registration_link_Test -->
        <test-method status="PASS" signature="Teardown()[pri:0, instance:com.qa.testcases.HomeTest@29774679]" name="Teardown" is-config="true" duration-ms="5152" started-at="2020-04-22T16:02:29Z" finished-at="2020-04-22T16:02:35Z">
          <reporter-output>
          </reporter-output>
        </test-method> <!-- Teardown -->
        <test-method status="PASS" signature="Setup()[pri:0, instance:com.qa.testcases.HomeTest@29774679]" name="Setup" is-config="true" duration-ms="26603" started-at="2020-04-22T16:02:35Z" finished-at="2020-04-22T16:03:01Z">
          <reporter-output>
          </reporter-output>
        </test-method> <!-- Setup -->
        <test-method status="PASS" signature="verify_new_registration_link_Test()[pri:0, instance:com.qa.testcases.HomeTest@29774679]" name="verify_new_registration_link_Test" duration-ms="635" started-at="2020-04-22T16:03:01Z" finished-at="2020-04-22T16:03:02Z">
          <reporter-output>
          </reporter-output>
        </test-method> <!-- verify_new_registration_link_Test -->
        <test-method status="PASS" signature="Teardown()[pri:0, instance:com.qa.testcases.HomeTest@29774679]" name="Teardown" is-config="true" duration-ms="7155" started-at="2020-04-22T16:03:02Z" finished-at="2020-04-22T16:03:09Z">
          <reporter-output>
          </reporter-output>
        </test-method> <!-- Teardown -->
      </class> <!-- com.qa.testcases.HomeTest -->
      <class name="com.qa.testcases.NewRegistrationTest">
        <test-method status="FAIL" signature="Setup()[pri:0, instance:com.qa.testcases.NewRegistrationTest@61832929]" name="Setup" is-config="true" duration-ms="0" started-at="2020-04-22T16:03:09Z" finished-at="2020-04-22T16:03:09Z">
          <exception class="org.openqa.selenium.NoSuchElementException">
            <message>
              <![CDATA[Unable to locate element: //*[@id="ehosfrm"]
For documentation on this error, please visit: https://www.seleniumhq.org/exceptions/no_such_element.html
Build info: version: '3.141.59', revision: 'e82be7d358', time: '2018-11-14T08:17:03'
System info: host: 'DELL', ip: '192.168.29.210', os.name: 'Windows 8.1', os.arch: 'amd64', os.version: '6.3', java.version: '1.8.0_251'
Driver info: org.openqa.selenium.firefox.FirefoxDriver
Capabilities {acceptInsecureCerts: true, browserName: firefox, browserVersion: 75.0, javascriptEnabled: true, moz:accessibilityChecks: false, moz:buildID: 20200403170909, moz:geckodriverVersion: 0.24.0, moz:headless: false, moz:processID: 6672, moz:profile: C:\Users\Yatan\AppData\Loca..., moz:shutdownTimeout: 60000, moz:useNonSpecCompliantPointerOrigin: false, moz:webdriverClick: true, pageLoadStrategy: normal, platform: WINDOWS, platformName: WINDOWS, platformVersion: 6.3, rotatable: false, setWindowRect: true, strictFileInteractability: false, timeouts: {implicit: 0, pageLoad: 300000, script: 30000}, unhandledPromptBehavior: dismiss and notify}
Session ID: e1d1677d-9df9-4676-a1c4-52005dd943f3
*** Element info: {Using=xpath, value=//*[@id="ehosfrm"]}]]>
            </message>
            <full-stacktrace>
              <![CDATA[org.openqa.selenium.NoSuchElementException: Unable to locate element: //*[@id="ehosfrm"]
For documentation on this error, please visit: https://www.seleniumhq.org/exceptions/no_such_element.html
Build info: version: '3.141.59', revision: 'e82be7d358', time: '2018-11-14T08:17:03'
System info: host: 'DELL', ip: '192.168.29.210', os.name: 'Windows 8.1', os.arch: 'amd64', os.version: '6.3', java.version: '1.8.0_251'
Driver info: org.openqa.selenium.firefox.FirefoxDriver
Capabilities {acceptInsecureCerts: true, browserName: firefox, browserVersion: 75.0, javascriptEnabled: true, moz:accessibilityChecks: false, moz:buildID: 20200403170909, moz:geckodriverVersion: 0.24.0, moz:headless: false, moz:processID: 6672, moz:profile: C:\Users\Yatan\AppData\Loca..., moz:shutdownTimeout: 60000, moz:useNonSpecCompliantPointerOrigin: false, moz:webdriverClick: true, pageLoadStrategy: normal, platform: WINDOWS, platformName: WINDOWS, platformVersion: 6.3, rotatable: false, setWindowRect: true, strictFileInteractability: false, timeouts: {implicit: 0, pageLoad: 300000, script: 30000}, unhandledPromptBehavior: dismiss and notify}
Session ID: e1d1677d-9df9-4676-a1c4-52005dd943f3
*** Element info: {Using=xpath, value=//*[@id="ehosfrm"]}
	at sun.reflect.NativeConstructorAccessorImpl.newInstance0(Native Method)
	at sun.reflect.NativeConstructorAccessorImpl.newInstance(Unknown Source)
	at sun.reflect.DelegatingConstructorAccessorImpl.newInstance(Unknown Source)
	at java.lang.reflect.Constructor.newInstance(Unknown Source)
	at org.openqa.selenium.remote.http.W3CHttpResponseCodec.createException(W3CHttpResponseCodec.java:187)
	at org.openqa.selenium.remote.http.W3CHttpResponseCodec.decode(W3CHttpResponseCodec.java:122)
	at org.openqa.selenium.remote.http.W3CHttpResponseCodec.decode(W3CHttpResponseCodec.java:49)
	at org.openqa.selenium.remote.HttpCommandExecutor.execute(HttpCommandExecutor.java:158)
	at org.openqa.selenium.remote.service.DriverCommandExecutor.execute(DriverCommandExecutor.java:83)
	at org.openqa.selenium.remote.RemoteWebDriver.execute(RemoteWebDriver.java:552)
	at org.openqa.selenium.remote.RemoteWebDriver.findElement(RemoteWebDriver.java:323)
	at org.openqa.selenium.remote.RemoteWebDriver.findElementByXPath(RemoteWebDriver.java:428)
	at org.openqa.selenium.By$ByXPath.findElement(By.java:353)
	at org.openqa.selenium.remote.RemoteWebDriver.findElement(RemoteWebDriver.java:315)
	at sun.reflect.GeneratedMethodAccessor4.invoke(Unknown Source)
	at sun.reflect.DelegatingMethodAccessorImpl.invoke(Unknown Source)
	at java.lang.reflect.Method.invoke(Unknown Source)
	at org.openqa.selenium.support.events.EventFiringWebDriver.lambda$new$1(EventFiringWebDriver.java:105)
	at com.sun.proxy.$Proxy7.findElement(Unknown Source)
	at org.openqa.selenium.support.events.EventFiringWebDriver.findElement(EventFiringWebDriver.java:194)
	at com.qa.util.TestUtil.MainFrame(TestUtil.java:36)
	at com.qa.testcases.NewRegistrationTest.Setup(NewRegistrationTest.java:51)
	at sun.reflect.NativeMethodAccessorImpl.invoke0(Native Method)
	at sun.reflect.NativeMethodAccessorImpl.invoke(Unknown Source)
	at sun.reflect.DelegatingMethodAccessorImpl.invoke(Unknown Source)
	at java.lang.reflect.Method.invoke(Unknown Source)
	at org.testng.internal.MethodInvocationHelper.invokeMethod(MethodInvocationHelper.java:80)
	at org.testng.internal.Invoker.invokeConfigurationMethod(Invoker.java:564)
	at org.testng.internal.Invoker.invokeConfigurations(Invoker.java:213)
	at org.testng.internal.Invoker.invokeMethod(Invoker.java:653)
	at org.testng.internal.Invoker.invokeTestMethod(Invoker.java:901)
	at org.testng.internal.Invoker.invokeTestMethods(Invoker.java:1231)
	at org.testng.internal.TestMethodWorker.invokeTestMethods(TestMethodWorker.java:127)
	at org.testng.internal.TestMethodWorker.run(TestMethodWorker.java:111)
	at org.testng.TestRunner.privateRun(TestRunner.java:767)
	at org.testng.TestRunner.run(TestRunner.java:617)
	at org.testng.SuiteRunner.runTest(SuiteRunner.java:334)
	at org.testng.SuiteRunner.runSequentially(SuiteRunner.java:329)
	at org.testng.SuiteRunner.privateRun(SuiteRunner.java:291)
	at org.testng.SuiteRunner.run(SuiteRunner.java:240)
	at org.testng.SuiteRunnerWorker.runSuite(SuiteRunnerWorker.java:52)
	at org.testng.SuiteRunnerWorker.run(SuiteRunnerWorker.java:86)
	at org.testng.TestNG.runSuitesSequentially(TestNG.java:1198)
	at org.testng.TestNG.runSuitesLocally(TestNG.java:1123)
	at org.testng.TestNG.run(TestNG.java:1031)
	at org.testng.remote.AbstractRemoteTestNG.run(AbstractRemoteTestNG.java:126)
	at org.testng.remote.RemoteTestNG.initAndRun(RemoteTestNG.java:152)
	at org.testng.remote.RemoteTestNG.main(RemoteTestNG.java:57)
]]>
            </full-stacktrace>
          </exception> <!-- org.openqa.selenium.NoSuchElementException -->
          <reporter-output>
          </reporter-output>
        </test-method> <!-- Setup -->
        <test-method status="SKIP" signature="Verify_Enter_Mobile_Popup_test()[pri:0, instance:com.qa.testcases.NewRegistrationTest@61832929]" name="Verify_Enter_Mobile_Popup_test" duration-ms="8" started-at="2020-04-22T16:04:08Z" finished-at="2020-04-22T16:04:09Z">
          <reporter-output>
          </reporter-output>
        </test-method> <!-- Verify_Enter_Mobile_Popup_test -->
        <test-method status="SKIP" signature="Teardown()[pri:0, instance:com.qa.testcases.NewRegistrationTest@61832929]" name="Teardown" is-config="true" duration-ms="0" started-at="2020-04-22T16:04:09Z" finished-at="2020-04-22T16:04:09Z">
          <reporter-output>
          </reporter-output>
        </test-method> <!-- Teardown -->
        <test-method status="SKIP" signature="Setup()[pri:0, instance:com.qa.testcases.NewRegistrationTest@61832929]" name="Setup" is-config="true" duration-ms="0" started-at="2020-04-22T16:04:09Z" finished-at="2020-04-22T16:04:09Z">
          <reporter-output>
          </reporter-output>
        </test-method> <!-- Setup -->
        <test-method status="SKIP" signature="Enter_Mobile_No_Textfield_Test()[pri:0, instance:com.qa.testcases.NewRegistrationTest@61832929]" name="Enter_Mobile_No_Textfield_Test" duration-ms="4" started-at="2020-04-22T16:04:09Z" finished-at="2020-04-22T16:04:09Z">
          <reporter-output>
          </reporter-output>
        </test-method> <!-- Enter_Mobile_No_Textfield_Test -->
        <test-method status="SKIP" signature="Teardown()[pri:0, instance:com.qa.testcases.NewRegistrationTest@61832929]" name="Teardown" is-config="true" duration-ms="0" started-at="2020-04-22T16:04:09Z" finished-at="2020-04-22T16:04:09Z">
          <reporter-output>
          </reporter-output>
        </test-method> <!-- Teardown -->
        <test-method status="SKIP" signature="Verify_Search_Button_Ispresent_Test()[pri:0, instance:com.qa.testcases.NewRegistrationTest@61832929]" name="Verify_Search_Button_Ispresent_Test" duration-ms="4" started-at="2020-04-22T16:04:09Z" finished-at="2020-04-22T16:04:09Z">
          <reporter-output>
          </reporter-output>
        </test-method> <!-- Verify_Search_Button_Ispresent_Test -->
        <test-method status="SKIP" signature="Setup()[pri:0, instance:com.qa.testcases.NewRegistrationTest@61832929]" name="Setup" is-config="true" duration-ms="0" started-at="2020-04-22T16:04:09Z" finished-at="2020-04-22T16:04:09Z">
          <reporter-output>
          </reporter-output>
        </test-method> <!-- Setup -->
        <test-method status="SKIP" signature="Teardown()[pri:0, instance:com.qa.testcases.NewRegistrationTest@61832929]" name="Teardown" is-config="true" duration-ms="0" started-at="2020-04-22T16:04:09Z" finished-at="2020-04-22T16:04:09Z">
          <reporter-output>
          </reporter-output>
        </test-method> <!-- Teardown -->
        <test-method status="SKIP" signature="Setup()[pri:0, instance:com.qa.testcases.NewRegistrationTest@61832929]" name="Setup" is-config="true" duration-ms="0" started-at="2020-04-22T16:04:09Z" finished-at="2020-04-22T16:04:09Z">
          <reporter-output>
          </reporter-output>
        </test-method> <!-- Setup -->
        <test-method status="SKIP" signature="Verify_Search_Button_Functioning_Test()[pri:0, instance:com.qa.testcases.NewRegistrationTest@61832929]" name="Verify_Search_Button_Functioning_Test" duration-ms="4" started-at="2020-04-22T16:04:09Z" finished-at="2020-04-22T16:04:09Z">
          <reporter-output>
          </reporter-output>
        </test-method> <!-- Verify_Search_Button_Functioning_Test -->
        <test-method status="SKIP" signature="Teardown()[pri:0, instance:com.qa.testcases.NewRegistrationTest@61832929]" name="Teardown" is-config="true" duration-ms="4" started-at="2020-04-22T16:04:09Z" finished-at="2020-04-22T16:04:09Z">
          <reporter-output>
          </reporter-output>
        </test-method> <!-- Teardown -->
        <test-method status="SKIP" signature="Setup()[pri:0, instance:com.qa.testcases.NewRegistrationTest@61832929]" name="Setup" is-config="true" duration-ms="0" started-at="2020-04-22T16:04:09Z" finished-at="2020-04-22T16:04:09Z">
          <reporter-output>
          </reporter-output>
        </test-method> <!-- Setup -->
        <test-method status="SKIP" signature="Teardown()[pri:0, instance:com.qa.testcases.NewRegistrationTest@61832929]" name="Teardown" is-config="true" duration-ms="0" started-at="2020-04-22T16:04:09Z" finished-at="2020-04-22T16:04:09Z">
          <reporter-output>
          </reporter-output>
        </test-method> <!-- Teardown -->
        <test-method status="SKIP" signature="Verify_Skip_Button_Availability_Test()[pri:0, instance:com.qa.testcases.NewRegistrationTest@61832929]" name="Verify_Skip_Button_Availability_Test" duration-ms="0" started-at="2020-04-22T16:04:09Z" finished-at="2020-04-22T16:04:09Z">
          <reporter-output>
          </reporter-output>
        </test-method> <!-- Verify_Skip_Button_Availability_Test -->
        <test-method status="SKIP" signature="Setup()[pri:0, instance:com.qa.testcases.NewRegistrationTest@61832929]" name="Setup" is-config="true" duration-ms="0" started-at="2020-04-22T16:04:09Z" finished-at="2020-04-22T16:04:09Z">
          <reporter-output>
          </reporter-output>
        </test-method> <!-- Setup -->
        <test-method status="SKIP" signature="Verify_Skip_Button_Functioning_Test()[pri:0, instance:com.qa.testcases.NewRegistrationTest@61832929]" name="Verify_Skip_Button_Functioning_Test" duration-ms="4" started-at="2020-04-22T16:04:09Z" finished-at="2020-04-22T16:04:09Z">
          <reporter-output>
          </reporter-output>
        </test-method> <!-- Verify_Skip_Button_Functioning_Test -->
        <test-method status="SKIP" signature="Setup()[pri:0, instance:com.qa.testcases.NewRegistrationTest@61832929]" name="Setup" is-config="true" duration-ms="0" started-at="2020-04-22T16:04:09Z" finished-at="2020-04-22T16:04:09Z">
          <reporter-output>
          </reporter-output>
        </test-method> <!-- Setup -->
        <test-method status="SKIP" signature="Teardown()[pri:0, instance:com.qa.testcases.NewRegistrationTest@61832929]" name="Teardown" is-config="true" duration-ms="0" started-at="2020-04-22T16:04:09Z" finished-at="2020-04-22T16:04:09Z">
          <reporter-output>
          </reporter-output>
        </test-method> <!-- Teardown -->
        <test-method status="SKIP" signature="Registration_Form_Redirection_Test()[pri:0, instance:com.qa.testcases.NewRegistrationTest@61832929]" name="Registration_Form_Redirection_Test" duration-ms="4" started-at="2020-04-22T16:04:09Z" finished-at="2020-04-22T16:04:09Z">
          <reporter-output>
          </reporter-output>
        </test-method> <!-- Registration_Form_Redirection_Test -->
        <test-method status="SKIP" signature="Teardown()[pri:0, instance:com.qa.testcases.NewRegistrationTest@61832929]" name="Teardown" is-config="true" duration-ms="0" started-at="2020-04-22T16:04:09Z" finished-at="2020-04-22T16:04:09Z">
          <reporter-output>
          </reporter-output>
        </test-method> <!-- Teardown -->
      </class> <!-- com.qa.testcases.NewRegistrationTest -->
    </test> <!-- Test -->
  </suite> <!-- e-Hospital Automation Testing Suite  -->
</testng-results>
